<?xml version="1.0" encoding="UTF-8"?>
<testng-results ignored="0" total="1" passed="1" failed="0" skipped="0">
  <reporter-output>
  </reporter-output>
  <suite started-at="2019-08-19T23:32:13 IST" name="Default suite" finished-at="2019-08-19T23:32:16 IST" duration-ms="2327">
    <groups>
    </groups>
    <test started-at="2019-08-19T23:32:13 IST" name="Default test" finished-at="2019-08-19T23:32:16 IST" duration-ms="2327">
      <class name="restAssured.TestCase01_RestAssured">
        <test-method signature="getWeatherDetails()[pri:0, instance:restAssured.TestCase01_RestAssured@5a955565]" started-at="2019-08-19T23:32:13 IST" name="getWeatherDetails" finished-at="2019-08-19T23:32:16 IST" duration-ms="2275" status="PASS">
          <reporter-output>
          </reporter-output>
        </test-method> <!-- getWeatherDetails -->
      </class> <!-- restAssured.TestCase01_RestAssured -->
    </test> <!-- Default test -->
  </suite> <!-- Default suite -->
</testng-results>
